\BOOKMARK [1][-]{section*.1}{Abstract}{}% 1
\BOOKMARK [1][-]{toc.1}{Table of Contents}{}% 2
\BOOKMARK [1][-]{section*.2}{Introduction}{}% 3
\BOOKMARK [2][-]{subsection.1.1}{Background}{section*.2}% 4
\BOOKMARK [2][-]{subsection.1.2}{Requester Role in Crowdsourcing Platforms}{section*.2}% 5
\BOOKMARK [2][-]{subsection.1.3}{Crowd Worker Role in Crowdsourcing Platforms}{section*.2}% 6
\BOOKMARK [2][-]{subsection.1.4}{Requester vs. Crowd Worker Imbalance}{section*.2}% 7
\BOOKMARK [2][-]{subsection.1.5}{Crowd Worker Difficulties}{section*.2}% 8
\BOOKMARK [2][-]{subsection.1.6}{Goal}{section*.2}% 9
\BOOKMARK [2][-]{subsection.1.7}{Approach}{section*.2}% 10
\BOOKMARK [1][-]{section*.3}{Related Work}{}% 11
\BOOKMARK [2][-]{subsection.2.1}{Topic Modeling of Crowdsourcing Tasks}{section*.3}% 12
\BOOKMARK [2][-]{subsection.2.2}{Crowdworker Efficiency}{section*.3}% 13
\BOOKMARK [3][-]{subsubsection.2.2.1}{Existing Tools}{subsection.2.2}% 14
\BOOKMARK [3][-]{subsubsection.2.2.2}{Existing Recommendation Systems}{subsection.2.2}% 15
\BOOKMARK [3][-]{subsubsection.2.2.3}{Text Classification of Crowdsourcing Tasks}{subsection.2.2}% 16
\BOOKMARK [1][-]{section*.4}{Topic Modeling Approach and Focus}{}% 17
\BOOKMARK [2][-]{subsection.3.1}{Dataset}{section*.4}% 18
\BOOKMARK [2][-]{subsection.3.2}{Evaluation}{section*.4}% 19
\BOOKMARK [3][-]{subsubsection.3.2.1}{Metrics}{subsection.3.2}% 20
\BOOKMARK [3][-]{subsubsection.3.2.2}{Experiments}{subsection.3.2}% 21
\BOOKMARK [1][-]{section*.5}{What are the primary topics of Amazon MTURK HITs?}{}% 22
\BOOKMARK [1][-]{section*.6}{Analysis}{}% 23
\BOOKMARK [1][-]{section*.7}{Conclusion}{}% 24
\BOOKMARK [1][-]{section*.8}{References Cited}{}% 25
