\BOOKMARK [1][-]{section*.1}{Abstract}{}% 1
\BOOKMARK [1][-]{toc.1}{Table of Contents}{}% 2
\BOOKMARK [1][-]{section*.2}{Introduction}{}% 3
\BOOKMARK [2][-]{subsection.1.1}{Background}{section*.2}% 4
\BOOKMARK [2][-]{subsection.1.2}{Requester Role in Crowdsourcing Platforms}{section*.2}% 5
\BOOKMARK [2][-]{subsection.1.3}{Crowd Worker Role in Crowdsourcing Platforms}{section*.2}% 6
\BOOKMARK [2][-]{subsection.1.4}{Requester vs. Crowd Worker Imbalance}{section*.2}% 7
\BOOKMARK [2][-]{subsection.1.5}{Crowd Worker Difficulties}{section*.2}% 8
\BOOKMARK [2][-]{subsection.1.6}{Goal}{section*.2}% 9
\BOOKMARK [2][-]{subsection.1.7}{Approach}{section*.2}% 10
\BOOKMARK [1][-]{section*.3}{Related Work}{}% 11
\BOOKMARK [2][-]{subsection.2.1}{Existing Tools}{section*.3}% 12
\BOOKMARK [2][-]{subsection.2.2}{Existing Recommendation Systems}{section*.3}% 13
\BOOKMARK [2][-]{subsection.2.3}{Text Classification of Crowdsourcing Tasks}{section*.3}% 14
\BOOKMARK [1][-]{section*.4}{Proposed Work}{}% 15
\BOOKMARK [2][-]{subsection.3.1}{Potential Approaches}{section*.4}% 16
\BOOKMARK [3][-]{subsubsection.3.1.1}{Collaborative Filtering}{subsection.3.1}% 17
\BOOKMARK [3][-]{subsubsection.3.1.2}{Content Based}{subsection.3.1}% 18
\BOOKMARK [3][-]{subsubsection.3.1.3}{Text Classification}{subsection.3.1}% 19
\BOOKMARK [2][-]{subsection.3.2}{Research Focus}{section*.4}% 20
\BOOKMARK [2][-]{subsection.3.3}{Potential Algorithms}{section*.4}% 21
\BOOKMARK [2][-]{subsection.3.4}{Dataset}{section*.4}% 22
\BOOKMARK [2][-]{subsection.3.5}{Evaluation}{section*.4}% 23
\BOOKMARK [3][-]{subsubsection.3.5.1}{Metrics}{subsection.3.5}% 24
\BOOKMARK [3][-]{subsubsection.3.5.2}{Experiments}{subsection.3.5}% 25
\BOOKMARK [1][-]{section*.5}{Project Plan}{}% 26
\BOOKMARK [2][-]{subsection.4.1}{Outline of Project Timeline}{section*.5}% 27
\BOOKMARK [2][-]{subsection.4.2}{Further Applications}{section*.5}% 28
\BOOKMARK [2][-]{subsection.4.3}{Support}{section*.5}% 29
\BOOKMARK [1][-]{section*.6}{References Cited}{}% 30
