\BOOKMARK [1][-]{section*.1}{Abstract}{}% 1
\BOOKMARK [1][-]{toc.1}{Table of Contents}{}% 2
\BOOKMARK [1][-]{section*.2}{List of Figures}{}% 3
\BOOKMARK [1][-]{section*.3}{List of Tables}{}% 4
\BOOKMARK [1][-]{section*.4}{List of Symbols}{}% 5
\BOOKMARK [1][-]{section*.5}{List of Abbreviations}{}% 6
\BOOKMARK [1][-]{section*.6}{Acknowledgments}{}% 7
\BOOKMARK [1][-]{section*.7}{Dedication}{}% 8
\BOOKMARK [1][-]{section*.8}{In the Beginning}{}% 9
\BOOKMARK [2][-]{subsection.1.1}{A Subsection}{section*.8}% 10
\BOOKMARK [2][-]{subsection.1.2}{AA Subsection}{section*.8}% 11
\BOOKMARK [3][-]{subsubsection.1.2.1}{Transport of U Through Porous Media: General Elution Procedures}{subsection.1.2}% 12
\BOOKMARK [3][-]{subsubsection.1.2.2}{aa Subsection}{subsection.1.2}% 13
\BOOKMARK [2][-]{subsection.1.3}{AAA Subsection}{section*.8}% 14
\BOOKMARK [2][-]{subsection.1.4}{AAAA Subsection}{section*.8}% 15
\BOOKMARK [1][-]{section*.10}{Subdocument Test}{}% 16
\BOOKMARK [1][-]{section*.11}{Second Generation Chapter}{}% 17
\BOOKMARK [2][-]{subsection.3.1}{Lots of Mistakes Originally}{section*.11}% 18
\BOOKMARK [2][-]{subsection.3.2}{Figured out How to Fix Things}{section*.11}% 19
\BOOKMARK [2][-]{subsection.3.3}{Could Still Be Better}{section*.11}% 20
\BOOKMARK [2][-]{subsection.3.4}{Testing Procedure}{section*.11}% 21
\BOOKMARK [2][-]{subsection.3.5}{Final Results}{section*.11}% 22
\BOOKMARK [1][-]{section*.14}{The Way Ahead}{}% 23
\BOOKMARK [2][-]{subsection.4.1}{How Things Could Be Better}{section*.14}% 24
\BOOKMARK [2][-]{subsection.4.2}{Why We Think Things Aren't Better}{section*.14}% 25
\BOOKMARK [2][-]{subsection.4.3}{We Love Our Advisors}{section*.14}% 26
\BOOKMARK [1][-]{section*.16}{References Cited}{}% 27
\BOOKMARK [1][-]{section*.17}{Magical Encoding Awesomeness}{}% 28
\BOOKMARK [2][-]{subsection.A.1}{Test Appendix Sub-Section}{section*.17}% 29
\BOOKMARK [2][-]{subsection.A.2}{Sub-Sections are Fun}{section*.17}% 30
\BOOKMARK [1][-]{section*.19}{Special Coolness}{}% 31
